<?xml version="1.0" encoding="UTF-8"?>
<coverage generated="1781109526541" clover="3.2.0">
  <project timestamp="1781109526541" name="All files">
    <metrics statements="116" coveredstatements="86" conditionals="16" coveredconditionals="5" methods="17" coveredmethods="9" elements="149" coveredelements="100" complexity="0" loc="116" ncloc="116" packages="7" files="17" classes="17"/>
    <package name="ejercicio_node">
      <metrics statements="18" coveredstatements="15" conditionals="4" coveredconditionals="0" methods="3" coveredmethods="1"/>
      <file name="main.js" path="/home/borja/Proyectos VS/AprenTIC/AprenTIC_FullStack_Web_Sevilla/ejercicio_node/main.js">
        <metrics statements="18" coveredstatements="15" conditionals="4" coveredconditionals="0" methods="3" coveredmethods="1"/>
        <line num="1" count="1" type="stmt"/>
        <line num="2" count="1" type="stmt"/>
        <line num="3" count="1" type="stmt"/>
        <line num="6" count="1" type="stmt"/>
        <line num="7" count="1" type="stmt"/>
        <line num="13" count="2" type="stmt"/>
        <line num="14" count="2" type="stmt"/>
        <line num="16" count="1" type="stmt"/>
        <line num="18" count="1" type="stmt"/>
        <line num="20" count="1" type="stmt"/>
        <line num="21" count="1" type="stmt"/>
        <line num="22" count="1" type="stmt"/>
        <line num="25" count="1" type="stmt"/>
        <line num="26" count="0" type="stmt"/>
        <line num="30" count="1" type="stmt"/>
        <line num="31" count="0" type="stmt"/>
        <line num="32" count="0" type="cond" truecount="0" falsecount="2"/>
        <line num="37" count="1" type="stmt"/>
      </file>
    </package>
    <package name="ejercicio_node.controllers">
      <metrics statements="36" coveredstatements="16" conditionals="6" coveredconditionals="1" methods="5" coveredmethods="1"/>
      <file name="admin_controller.js" path="/home/borja/Proyectos VS/AprenTIC/AprenTIC_FullStack_Web_Sevilla/ejercicio_node/controllers/admin_controller.js">
        <metrics statements="5" coveredstatements="2" conditionals="0" coveredconditionals="0" methods="1" coveredmethods="0"/>
        <line num="1" count="1" type="stmt"/>
        <line num="3" count="1" type="stmt"/>
        <line num="4" count="0" type="stmt"/>
        <line num="5" count="0" type="stmt"/>
        <line num="6" count="0" type="stmt"/>
      </file>
      <file name="auth_controller.js" path="/home/borja/Proyectos VS/AprenTIC/AprenTIC_FullStack_Web_Sevilla/ejercicio_node/controllers/auth_controller.js">
        <metrics statements="22" coveredstatements="11" conditionals="6" coveredconditionals="1" methods="2" coveredmethods="1"/>
        <line num="1" count="1" type="stmt"/>
        <line num="2" count="1" type="stmt"/>
        <line num="3" count="1" type="stmt"/>
        <line num="5" count="1" type="stmt"/>
        <line num="6" count="1" type="stmt"/>
        <line num="7" count="1" type="stmt"/>
        <line num="9" count="1" type="cond" truecount="1" falsecount="1"/>
        <line num="10" count="0" type="stmt"/>
        <line num="12" count="1" type="stmt"/>
        <line num="14" count="1" type="stmt"/>
        <line num="15" count="1" type="stmt"/>
        <line num="18" count="0" type="stmt"/>
        <line num="22" count="1" type="stmt"/>
        <line num="23" count="0" type="stmt"/>
        <line num="24" count="0" type="stmt"/>
        <line num="26" count="0" type="stmt"/>
        <line num="27" count="0" type="cond" truecount="0" falsecount="2"/>
        <line num="29" count="0" type="stmt"/>
        <line num="30" count="0" type="cond" truecount="0" falsecount="2"/>
        <line num="32" count="0" type="stmt"/>
        <line num="39" count="0" type="stmt"/>
        <line num="41" count="0" type="stmt"/>
      </file>
      <file name="teacher_controller.js" path="/home/borja/Proyectos VS/AprenTIC/AprenTIC_FullStack_Web_Sevilla/ejercicio_node/controllers/teacher_controller.js">
        <metrics statements="9" coveredstatements="3" conditionals="0" coveredconditionals="0" methods="2" coveredmethods="0"/>
        <line num="1" count="1" type="stmt"/>
        <line num="3" count="1" type="stmt"/>
        <line num="4" count="0" type="stmt"/>
        <line num="5" count="0" type="stmt"/>
        <line num="6" count="0" type="stmt"/>
        <line num="9" count="1" type="stmt"/>
        <line num="10" count="0" type="stmt"/>
        <line num="11" count="0" type="stmt"/>
        <line num="12" count="0" type="stmt"/>
      </file>
    </package>
    <package name="ejercicio_node.docs">
      <metrics statements="3" coveredstatements="3" conditionals="0" coveredconditionals="0" methods="0" coveredmethods="0"/>
      <file name="swagger.js" path="/home/borja/Proyectos VS/AprenTIC/AprenTIC_FullStack_Web_Sevilla/ejercicio_node/docs/swagger.js">
        <metrics statements="3" coveredstatements="3" conditionals="0" coveredconditionals="0" methods="0" coveredmethods="0"/>
        <line num="1" count="1" type="stmt"/>
        <line num="3" count="1" type="stmt"/>
        <line num="21" count="1" type="stmt"/>
      </file>
    </package>
    <package name="ejercicio_node.middleware">
      <metrics statements="19" coveredstatements="12" conditionals="6" coveredconditionals="4" methods="4" coveredmethods="3"/>
      <file name="auth_required.js" path="/home/borja/Proyectos VS/AprenTIC/AprenTIC_FullStack_Web_Sevilla/ejercicio_node/middleware/auth_required.js">
        <metrics statements="9" coveredstatements="2" conditionals="2" coveredconditionals="0" methods="1" coveredmethods="0"/>
        <line num="1" count="1" type="stmt"/>
        <line num="3" count="1" type="stmt"/>
        <line num="4" count="0" type="stmt"/>
        <line num="5" count="0" type="cond" truecount="0" falsecount="2"/>
        <line num="7" count="0" type="stmt"/>
        <line num="8" count="0" type="stmt"/>
        <line num="9" count="0" type="stmt"/>
        <line num="10" count="0" type="stmt"/>
        <line num="12" count="0" type="stmt"/>
      </file>
      <file name="require_role.js" path="/home/borja/Proyectos VS/AprenTIC/AprenTIC_FullStack_Web_Sevilla/ejercicio_node/middleware/require_role.js">
        <metrics statements="4" coveredstatements="4" conditionals="2" coveredconditionals="2" methods="2" coveredmethods="2"/>
        <line num="2" count="2" type="stmt"/>
        <line num="3" count="2" type="cond" truecount="2" falsecount="0"/>
        <line num="4" count="1" type="stmt"/>
        <line num="6" count="1" type="stmt"/>
      </file>
      <file name="validator.js" path="/home/borja/Proyectos VS/AprenTIC/AprenTIC_FullStack_Web_Sevilla/ejercicio_node/middleware/validator.js">
        <metrics statements="6" coveredstatements="6" conditionals="2" coveredconditionals="2" methods="1" coveredmethods="1"/>
        <line num="1" count="1" type="stmt"/>
        <line num="3" count="1" type="stmt"/>
        <line num="4" count="2" type="stmt"/>
        <line num="5" count="2" type="cond" truecount="2" falsecount="0"/>
        <line num="6" count="1" type="stmt"/>
        <line num="8" count="1" type="stmt"/>
      </file>
    </package>
    <package name="ejercicio_node.models">
      <metrics statements="9" coveredstatements="9" conditionals="0" coveredconditionals="0" methods="0" coveredmethods="0"/>
      <file name="Admin.js" path="/home/borja/Proyectos VS/AprenTIC/AprenTIC_FullStack_Web_Sevilla/ejercicio_node/models/Admin.js">
        <metrics statements="3" coveredstatements="3" conditionals="0" coveredconditionals="0" methods="0" coveredmethods="0"/>
        <line num="1" count="1" type="stmt"/>
        <line num="3" count="1" type="stmt"/>
        <line num="8" count="1" type="stmt"/>
      </file>
      <file name="Teacher.js" path="/home/borja/Proyectos VS/AprenTIC/AprenTIC_FullStack_Web_Sevilla/ejercicio_node/models/Teacher.js">
        <metrics statements="3" coveredstatements="3" conditionals="0" coveredconditionals="0" methods="0" coveredmethods="0"/>
        <line num="1" count="2" type="stmt"/>
        <line num="3" count="2" type="stmt"/>
        <line num="8" count="2" type="stmt"/>
      </file>
      <file name="User.js" path="/home/borja/Proyectos VS/AprenTIC/AprenTIC_FullStack_Web_Sevilla/ejercicio_node/models/User.js">
        <metrics statements="3" coveredstatements="3" conditionals="0" coveredconditionals="0" methods="0" coveredmethods="0"/>
        <line num="1" count="1" type="stmt"/>
        <line num="3" count="1" type="stmt"/>
        <line num="10" count="1" type="stmt"/>
      </file>
    </package>
    <package name="ejercicio_node.routes">
      <metrics statements="23" coveredstatements="23" conditionals="0" coveredconditionals="0" methods="0" coveredmethods="0"/>
      <file name="admin_route.js" path="/home/borja/Proyectos VS/AprenTIC/AprenTIC_FullStack_Web_Sevilla/ejercicio_node/routes/admin_route.js">
        <metrics statements="4" coveredstatements="4" conditionals="0" coveredconditionals="0" methods="0" coveredmethods="0"/>
        <line num="1" count="1" type="stmt"/>
        <line num="2" count="1" type="stmt"/>
        <line num="4" count="1" type="stmt"/>
        <line num="6" count="1" type="stmt"/>
      </file>
      <file name="auth_route.js" path="/home/borja/Proyectos VS/AprenTIC/AprenTIC_FullStack_Web_Sevilla/ejercicio_node/routes/auth_route.js">
        <metrics statements="9" coveredstatements="9" conditionals="0" coveredconditionals="0" methods="0" coveredmethods="0"/>
        <line num="1" count="1" type="stmt"/>
        <line num="2" count="1" type="stmt"/>
        <line num="3" count="1" type="stmt"/>
        <line num="4" count="1" type="stmt"/>
        <line num="6" count="1" type="stmt"/>
        <line num="12" count="1" type="stmt"/>
        <line num="17" count="1" type="stmt"/>
        <line num="42" count="1" type="stmt"/>
        <line num="45" count="1" type="stmt"/>
      </file>
      <file name="teacher_route.js" path="/home/borja/Proyectos VS/AprenTIC/AprenTIC_FullStack_Web_Sevilla/ejercicio_node/routes/teacher_route.js">
        <metrics statements="10" coveredstatements="10" conditionals="0" coveredconditionals="0" methods="0" coveredmethods="0"/>
        <line num="1" count="1" type="stmt"/>
        <line num="2" count="1" type="stmt"/>
        <line num="3" count="1" type="stmt"/>
        <line num="4" count="1" type="stmt"/>
        <line num="5" count="1" type="stmt"/>
        <line num="6" count="1" type="stmt"/>
        <line num="10" count="1" type="stmt"/>
        <line num="26" count="1" type="stmt"/>
        <line num="29" count="1" type="stmt"/>
        <line num="31" count="1" type="stmt"/>
      </file>
    </package>
    <package name="ejercicio_node.services">
      <metrics statements="8" coveredstatements="8" conditionals="0" coveredconditionals="0" methods="5" coveredmethods="4"/>
      <file name="admin_service.js" path="/home/borja/Proyectos VS/AprenTIC/AprenTIC_FullStack_Web_Sevilla/ejercicio_node/services/admin_service.js">
        <metrics statements="2" coveredstatements="2" conditionals="0" coveredconditionals="0" methods="1" coveredmethods="0"/>
        <line num="1" count="1" type="stmt"/>
        <line num="3" count="1" type="stmt"/>
      </file>
      <file name="auth_service.js" path="/home/borja/Proyectos VS/AprenTIC/AprenTIC_FullStack_Web_Sevilla/ejercicio_node/services/auth_service.js">
        <metrics statements="3" coveredstatements="3" conditionals="0" coveredconditionals="0" methods="2" coveredmethods="2"/>
        <line num="1" count="1" type="stmt"/>
        <line num="3" count="1" type="stmt"/>
        <line num="4" count="1" type="stmt"/>
      </file>
      <file name="teacher_service.js" path="/home/borja/Proyectos VS/AprenTIC/AprenTIC_FullStack_Web_Sevilla/ejercicio_node/services/teacher_service.js">
        <metrics statements="3" coveredstatements="3" conditionals="0" coveredconditionals="0" methods="2" coveredmethods="2"/>
        <line num="1" count="2" type="stmt"/>
        <line num="3" count="2" type="stmt"/>
        <line num="4" count="2" type="stmt"/>
      </file>
    </package>
  </project>
</coverage>
