{"/home/borja/Proyectos VS/AprenTIC/AprenTIC_FullStack_Web_Sevilla/ejercicio_node/main.js": {"path":"/home/borja/Proyectos VS/AprenTIC/AprenTIC_FullStack_Web_Sevilla/ejercicio_node/main.js","statementMap":{"0":{"start":{"line":1,"column":16},"end":{"line":1,"column":34}},"1":{"start":{"line":2,"column":22},"end":{"line":2,"column":47}},"2":{"start":{"line":3,"column":18},"end":{"line":3,"column":47}},"3":{"start":{"line":6,"column":12},"end":{"line":6,"column":21}},"4":{"start":{"line":7,"column":0},"end":{"line":7,"column":24}},"5":{"start":{"line":13,"column":2},"end":{"line":13,"column":72}},"6":{"start":{"line":14,"column":2},"end":{"line":14,"column":9}},"7":{"start":{"line":16,"column":0},"end":{"line":16,"column":16}},"8":{"start":{"line":18,"column":0},"end":{"line":18,"column":70}},"9":{"start":{"line":20,"column":0},"end":{"line":20,"column":51}},"10":{"start":{"line":21,"column":0},"end":{"line":21,"column":55}},"11":{"start":{"line":22,"column":0},"end":{"line":22,"column":49}},"12":{"start":{"line":25,"column":0},"end":{"line":27,"column":3}},"13":{"start":{"line":26,"column":2},"end":{"line":26,"column":56}},"14":{"start":{"line":30,"column":0},"end":{"line":35,"column":3}},"15":{"start":{"line":31,"column":2},"end":{"line":31,"column":27}},"16":{"start":{"line":32,"column":2},"end":{"line":34,"column":5}},"17":{"start":{"line":37,"column":0},"end":{"line":37,"column":21}}},"fnMap":{"0":{"name":"logger","decl":{"start":{"line":12,"column":9},"end":{"line":12,"column":15}},"loc":{"start":{"line":12,"column":32},"end":{"line":15,"column":1}},"line":12},"1":{"name":"(anonymous_1)","decl":{"start":{"line":25,"column":8},"end":{"line":25,"column":9}},"loc":{"start":{"line":25,"column":22},"end":{"line":27,"column":1}},"line":25},"2":{"name":"(anonymous_2)","decl":{"start":{"line":30,"column":8},"end":{"line":30,"column":9}},"loc":{"start":{"line":30,"column":33},"end":{"line":35,"column":1}},"line":30}},"branchMap":{"0":{"loc":{"start":{"line":32,"column":13},"end":{"line":32,"column":30}},"type":"binary-expr","locations":[{"start":{"line":32,"column":13},"end":{"line":32,"column":23}},{"start":{"line":32,"column":27},"end":{"line":32,"column":30}}],"line":32},"1":{"loc":{"start":{"line":33,"column":11},"end":{"line":33,"column":54}},"type":"binary-expr","locations":[{"start":{"line":33,"column":11},"end":{"line":33,"column":22}},{"start":{"line":33,"column":26},"end":{"line":33,"column":54}}],"line":33}},"s":{"0":1,"1":1,"2":1,"3":1,"4":1,"5":2,"6":2,"7":1,"8":1,"9":1,"10":1,"11":1,"12":1,"13":0,"14":1,"15":0,"16":0,"17":1},"f":{"0":2,"1":0,"2":0},"b":{"0":[0,0],"1":[0,0]},"_coverageSchema":"1a1c01bbd47fc00a2c39e90264f33305004495a9","hash":"a9b2e28b833db0f6a8d648547642638977d7eb39"}
,"/home/borja/Proyectos VS/AprenTIC/AprenTIC_FullStack_Web_Sevilla/ejercicio_node/controllers/admin_controller.js": {"path":"/home/borja/Proyectos VS/AprenTIC/AprenTIC_FullStack_Web_Sevilla/ejercicio_node/controllers/admin_controller.js","statementMap":{"0":{"start":{"line":1,"column":21},"end":{"line":1,"column":57}},"1":{"start":{"line":3,"column":0},"end":{"line":7,"column":2}},"2":{"start":{"line":4,"column":16},"end":{"line":4,"column":50}},"3":{"start":{"line":5,"column":2},"end":{"line":5,"column":18}},"4":{"start":{"line":6,"column":2},"end":{"line":6,"column":9}}},"fnMap":{"0":{"name":"(anonymous_0)","decl":{"start":{"line":3,"column":19},"end":{"line":3,"column":20}},"loc":{"start":{"line":3,"column":45},"end":{"line":7,"column":1}},"line":3}},"branchMap":{},"s":{"0":1,"1":1,"2":0,"3":0,"4":0},"f":{"0":0},"b":{},"_coverageSchema":"1a1c01bbd47fc00a2c39e90264f33305004495a9","hash":"21499713e4adb91f61f835492f49c11ee2eb46b9"}
,"/home/borja/Proyectos VS/AprenTIC/AprenTIC_FullStack_Web_Sevilla/ejercicio_node/controllers/auth_controller.js": {"path":"/home/borja/Proyectos VS/AprenTIC/AprenTIC_FullStack_Web_Sevilla/ejercicio_node/controllers/auth_controller.js","statementMap":{"0":{"start":{"line":1,"column":15},"end":{"line":1,"column":32}},"1":{"start":{"line":2,"column":12},"end":{"line":2,"column":36}},"2":{"start":{"line":3,"column":20},"end":{"line":3,"column":55}},"3":{"start":{"line":5,"column":0},"end":{"line":20,"column":2}},"4":{"start":{"line":6,"column":4},"end":{"line":19,"column":5}},"5":{"start":{"line":7,"column":46},"end":{"line":7,"column":54}},"6":{"start":{"line":9,"column":8},"end":{"line":11,"column":9}},"7":{"start":{"line":10,"column":12},"end":{"line":10,"column":72}},"8":{"start":{"line":12,"column":21},"end":{"line":12,"column":52}},"9":{"start":{"line":14,"column":21},"end":{"line":14,"column":82}},"10":{"start":{"line":15,"column":8},"end":{"line":15,"column":99}},"11":{"start":{"line":18,"column":8},"end":{"line":18,"column":16}},"12":{"start":{"line":22,"column":0},"end":{"line":43,"column":2}},"13":{"start":{"line":23,"column":4},"end":{"line":42,"column":5}},"14":{"start":{"line":24,"column":34},"end":{"line":24,"column":42}},"15":{"start":{"line":26,"column":21},"end":{"line":26,"column":60}},"16":{"start":{"line":27,"column":8},"end":{"line":27,"column":83}},"17":{"start":{"line":27,"column":18},"end":{"line":27,"column":83}},"18":{"start":{"line":29,"column":19},"end":{"line":29,"column":64}},"19":{"start":{"line":30,"column":8},"end":{"line":30,"column":81}},"20":{"start":{"line":30,"column":16},"end":{"line":30,"column":81}},"21":{"start":{"line":32,"column":22},"end":{"line":38,"column":5}},"22":{"start":{"line":39,"column":4},"end":{"line":39,"column":78}},"23":{"start":{"line":41,"column":8},"end":{"line":41,"column":16}}},"fnMap":{"0":{"name":"(anonymous_0)","decl":{"start":{"line":5,"column":19},"end":{"line":5,"column":20}},"loc":{"start":{"line":5,"column":45},"end":{"line":20,"column":1}},"line":5},"1":{"name":"(anonymous_1)","decl":{"start":{"line":22,"column":16},"end":{"line":22,"column":17}},"loc":{"start":{"line":22,"column":42},"end":{"line":43,"column":1}},"line":22}},"branchMap":{"0":{"loc":{"start":{"line":9,"column":8},"end":{"line":11,"column":9}},"type":"if","locations":[{"start":{"line":9,"column":8},"end":{"line":11,"column":9}},{"start":{},"end":{}}],"line":9},"1":{"loc":{"start":{"line":27,"column":8},"end":{"line":27,"column":83}},"type":"if","locations":[{"start":{"line":27,"column":8},"end":{"line":27,"column":83}},{"start":{},"end":{}}],"line":27},"2":{"loc":{"start":{"line":30,"column":8},"end":{"line":30,"column":81}},"type":"if","locations":[{"start":{"line":30,"column":8},"end":{"line":30,"column":81}},{"start":{},"end":{}}],"line":30}},"s":{"0":1,"1":1,"2":1,"3":1,"4":1,"5":1,"6":1,"7":0,"8":1,"9":1,"10":1,"11":0,"12":1,"13":0,"14":0,"15":0,"16":0,"17":0,"18":0,"19":0,"20":0,"21":0,"22":0,"23":0},"f":{"0":1,"1":0},"b":{"0":[0,1],"1":[0,0],"2":[0,0]},"_coverageSchema":"1a1c01bbd47fc00a2c39e90264f33305004495a9","hash":"cee2f9a91dac9846ed44c40101195ccb35e84058"}
,"/home/borja/Proyectos VS/AprenTIC/AprenTIC_FullStack_Web_Sevilla/ejercicio_node/controllers/teacher_controller.js": {"path":"/home/borja/Proyectos VS/AprenTIC/AprenTIC_FullStack_Web_Sevilla/ejercicio_node/controllers/teacher_controller.js","statementMap":{"0":{"start":{"line":1,"column":23},"end":{"line":1,"column":61}},"1":{"start":{"line":3,"column":0},"end":{"line":7,"column":2}},"2":{"start":{"line":4,"column":18},"end":{"line":4,"column":56}},"3":{"start":{"line":5,"column":2},"end":{"line":5,"column":32}},"4":{"start":{"line":6,"column":2},"end":{"line":6,"column":9}},"5":{"start":{"line":9,"column":0},"end":{"line":13,"column":1}},"6":{"start":{"line":10,"column":20},"end":{"line":10,"column":57}},"7":{"start":{"line":11,"column":4},"end":{"line":11,"column":34}},"8":{"start":{"line":12,"column":4},"end":{"line":12,"column":11}}},"fnMap":{"0":{"name":"(anonymous_0)","decl":{"start":{"line":3,"column":21},"end":{"line":3,"column":22}},"loc":{"start":{"line":3,"column":47},"end":{"line":7,"column":1}},"line":3},"1":{"name":"(anonymous_1)","decl":{"start":{"line":9,"column":24},"end":{"line":9,"column":25}},"loc":{"start":{"line":9,"column":50},"end":{"line":13,"column":1}},"line":9}},"branchMap":{},"s":{"0":1,"1":1,"2":0,"3":0,"4":0,"5":1,"6":0,"7":0,"8":0},"f":{"0":0,"1":0},"b":{},"_coverageSchema":"1a1c01bbd47fc00a2c39e90264f33305004495a9","hash":"16d5e59f6594fd28462735d4ea5ac517a5173a59"}
,"/home/borja/Proyectos VS/AprenTIC/AprenTIC_FullStack_Web_Sevilla/ejercicio_node/docs/swagger.js": {"path":"/home/borja/Proyectos VS/AprenTIC/AprenTIC_FullStack_Web_Sevilla/ejercicio_node/docs/swagger.js","statementMap":{"0":{"start":{"line":1,"column":21},"end":{"line":1,"column":45}},"1":{"start":{"line":3,"column":16},"end":{"line":19,"column":1}},"2":{"start":{"line":21,"column":0},"end":{"line":21,"column":39}}},"fnMap":{},"branchMap":{},"s":{"0":1,"1":1,"2":1},"f":{},"b":{},"_coverageSchema":"1a1c01bbd47fc00a2c39e90264f33305004495a9","hash":"bec405d96e97ebc44ae9de282ff2b89330c3498f"}
,"/home/borja/Proyectos VS/AprenTIC/AprenTIC_FullStack_Web_Sevilla/ejercicio_node/middleware/auth_required.js": {"path":"/home/borja/Proyectos VS/AprenTIC/AprenTIC_FullStack_Web_Sevilla/ejercicio_node/middleware/auth_required.js","statementMap":{"0":{"start":{"line":1,"column":12},"end":{"line":1,"column":35}},"1":{"start":{"line":3,"column":0},"end":{"line":14,"column":2}},"2":{"start":{"line":4,"column":17},"end":{"line":4,"column":42}},"3":{"start":{"line":5,"column":2},"end":{"line":5,"column":67}},"4":{"start":{"line":5,"column":15},"end":{"line":5,"column":67}},"5":{"start":{"line":7,"column":2},"end":{"line":13,"column":3}},"6":{"start":{"line":8,"column":18},"end":{"line":8,"column":38}},"7":{"start":{"line":9,"column":4},"end":{"line":9,"column":57}},"8":{"start":{"line":10,"column":4},"end":{"line":10,"column":11}},"9":{"start":{"line":12,"column":4},"end":{"line":12,"column":65}}},"fnMap":{"0":{"name":"(anonymous_0)","decl":{"start":{"line":3,"column":17},"end":{"line":3,"column":18}},"loc":{"start":{"line":3,"column":37},"end":{"line":14,"column":1}},"line":3}},"branchMap":{"0":{"loc":{"start":{"line":5,"column":2},"end":{"line":5,"column":67}},"type":"if","locations":[{"start":{"line":5,"column":2},"end":{"line":5,"column":67}},{"start":{},"end":{}}],"line":5}},"s":{"0":1,"1":1,"2":0,"3":0,"4":0,"5":0,"6":0,"7":0,"8":0,"9":0},"f":{"0":0},"b":{"0":[0,0]},"_coverageSchema":"1a1c01bbd47fc00a2c39e90264f33305004495a9","hash":"3128ba413c258a1929401f83c6305fa367efb5ab"}
,"/home/borja/Proyectos VS/AprenTIC/AprenTIC_FullStack_Web_Sevilla/ejercicio_node/middleware/require_role.js": {"path":"/home/borja/Proyectos VS/AprenTIC/AprenTIC_FullStack_Web_Sevilla/ejercicio_node/middleware/require_role.js","statementMap":{"0":{"start":{"line":2,"column":0},"end":{"line":7,"column":2}},"1":{"start":{"line":2,"column":41},"end":{"line":7,"column":1}},"2":{"start":{"line":3,"column":2},"end":{"line":5,"column":3}},"3":{"start":{"line":4,"column":4},"end":{"line":4,"column":75}},"4":{"start":{"line":6,"column":2},"end":{"line":6,"column":9}}},"fnMap":{"0":{"name":"(anonymous_0)","decl":{"start":{"line":2,"column":17},"end":{"line":2,"column":18}},"loc":{"start":{"line":2,"column":41},"end":{"line":7,"column":1}},"line":2},"1":{"name":"(anonymous_1)","decl":{"start":{"line":2,"column":41},"end":{"line":2,"column":42}},"loc":{"start":{"line":2,"column":61},"end":{"line":7,"column":1}},"line":2}},"branchMap":{"0":{"loc":{"start":{"line":3,"column":2},"end":{"line":5,"column":3}},"type":"if","locations":[{"start":{"line":3,"column":2},"end":{"line":5,"column":3}},{"start":{},"end":{}}],"line":3}},"s":{"0":2,"1":2,"2":2,"3":1,"4":1},"f":{"0":2,"1":2},"b":{"0":[1,1]},"_coverageSchema":"1a1c01bbd47fc00a2c39e90264f33305004495a9","hash":"432ff372b55f6bddff206c5a2ee7477a6a3a27ee"}
,"/home/borja/Proyectos VS/AprenTIC/AprenTIC_FullStack_Web_Sevilla/ejercicio_node/middleware/validator.js": {"path":"/home/borja/Proyectos VS/AprenTIC/AprenTIC_FullStack_Web_Sevilla/ejercicio_node/middleware/validator.js","statementMap":{"0":{"start":{"line":1,"column":29},"end":{"line":1,"column":57}},"1":{"start":{"line":3,"column":0},"end":{"line":9,"column":2}},"2":{"start":{"line":4,"column":17},"end":{"line":4,"column":38}},"3":{"start":{"line":5,"column":2},"end":{"line":7,"column":3}},"4":{"start":{"line":6,"column":4},"end":{"line":6,"column":60}},"5":{"start":{"line":8,"column":2},"end":{"line":8,"column":9}}},"fnMap":{"0":{"name":"(anonymous_0)","decl":{"start":{"line":3,"column":17},"end":{"line":3,"column":18}},"loc":{"start":{"line":3,"column":37},"end":{"line":9,"column":1}},"line":3}},"branchMap":{"0":{"loc":{"start":{"line":5,"column":2},"end":{"line":7,"column":3}},"type":"if","locations":[{"start":{"line":5,"column":2},"end":{"line":7,"column":3}},{"start":{},"end":{}}],"line":5}},"s":{"0":1,"1":1,"2":2,"3":2,"4":1,"5":1},"f":{"0":2},"b":{"0":[1,1]},"_coverageSchema":"1a1c01bbd47fc00a2c39e90264f33305004495a9","hash":"d4a0e815a84536b35ee8e50bd2ac908948b4c167"}
,"/home/borja/Proyectos VS/AprenTIC/AprenTIC_FullStack_Web_Sevilla/ejercicio_node/models/Admin.js": {"path":"/home/borja/Proyectos VS/AprenTIC/AprenTIC_FullStack_Web_Sevilla/ejercicio_node/models/Admin.js","statementMap":{"0":{"start":{"line":1,"column":17},"end":{"line":1,"column":36}},"1":{"start":{"line":3,"column":20},"end":{"line":6,"column":2}},"2":{"start":{"line":8,"column":0},"end":{"line":8,"column":63}}},"fnMap":{},"branchMap":{},"s":{"0":1,"1":1,"2":1},"f":{},"b":{},"_coverageSchema":"1a1c01bbd47fc00a2c39e90264f33305004495a9","hash":"bcdd070c4704885b9bdaf66ff651285e7289601c"}
,"/home/borja/Proyectos VS/AprenTIC/AprenTIC_FullStack_Web_Sevilla/ejercicio_node/models/Teacher.js": {"path":"/home/borja/Proyectos VS/AprenTIC/AprenTIC_FullStack_Web_Sevilla/ejercicio_node/models/Teacher.js","statementMap":{"0":{"start":{"line":1,"column":17},"end":{"line":1,"column":36}},"1":{"start":{"line":3,"column":22},"end":{"line":6,"column":2}},"2":{"start":{"line":8,"column":0},"end":{"line":8,"column":69}}},"fnMap":{},"branchMap":{},"s":{"0":2,"1":2,"2":2},"f":{},"b":{},"_coverageSchema":"1a1c01bbd47fc00a2c39e90264f33305004495a9","hash":"95583135ab144c9b1dc753cd7e0186308a11bd9e"}
,"/home/borja/Proyectos VS/AprenTIC/AprenTIC_FullStack_Web_Sevilla/ejercicio_node/models/User.js": {"path":"/home/borja/Proyectos VS/AprenTIC/AprenTIC_FullStack_Web_Sevilla/ejercicio_node/models/User.js","statementMap":{"0":{"start":{"line":1,"column":17},"end":{"line":1,"column":36}},"1":{"start":{"line":3,"column":19},"end":{"line":8,"column":24}},"2":{"start":{"line":10,"column":0},"end":{"line":10,"column":60}}},"fnMap":{},"branchMap":{},"s":{"0":1,"1":1,"2":1},"f":{},"b":{},"_coverageSchema":"1a1c01bbd47fc00a2c39e90264f33305004495a9","hash":"4d0791cc176abdf7b1068d11722010b7377a36c1"}
,"/home/borja/Proyectos VS/AprenTIC/AprenTIC_FullStack_Web_Sevilla/ejercicio_node/routes/admin_route.js": {"path":"/home/borja/Proyectos VS/AprenTIC/AprenTIC_FullStack_Web_Sevilla/ejercicio_node/routes/admin_route.js","statementMap":{"0":{"start":{"line":1,"column":15},"end":{"line":1,"column":42}},"1":{"start":{"line":2,"column":13},"end":{"line":2,"column":55}},"2":{"start":{"line":4,"column":0},"end":{"line":4,"column":31}},"3":{"start":{"line":6,"column":0},"end":{"line":6,"column":24}}},"fnMap":{},"branchMap":{},"s":{"0":1,"1":1,"2":1,"3":1},"f":{},"b":{},"_coverageSchema":"1a1c01bbd47fc00a2c39e90264f33305004495a9","hash":"64158170b9b31349a7bd96d8da62ccba9100da85"}
,"/home/borja/Proyectos VS/AprenTIC/AprenTIC_FullStack_Web_Sevilla/ejercicio_node/routes/auth_route.js": {"path":"/home/borja/Proyectos VS/AprenTIC/AprenTIC_FullStack_Web_Sevilla/ejercicio_node/routes/auth_route.js","statementMap":{"0":{"start":{"line":1,"column":15},"end":{"line":1,"column":42}},"1":{"start":{"line":2,"column":17},"end":{"line":2,"column":45}},"2":{"start":{"line":3,"column":17},"end":{"line":3,"column":51}},"3":{"start":{"line":4,"column":13},"end":{"line":4,"column":54}},"4":{"start":{"line":6,"column":23},"end":{"line":11,"column":1}},"5":{"start":{"line":12,"column":20},"end":{"line":15,"column":1}},"6":{"start":{"line":17,"column":0},"end":{"line":17,"column":66}},"7":{"start":{"line":42,"column":0},"end":{"line":42,"column":57}},"8":{"start":{"line":45,"column":0},"end":{"line":45,"column":24}}},"fnMap":{},"branchMap":{},"s":{"0":1,"1":1,"2":1,"3":1,"4":1,"5":1,"6":1,"7":1,"8":1},"f":{},"b":{},"_coverageSchema":"1a1c01bbd47fc00a2c39e90264f33305004495a9","hash":"17045863fd0e8ab9812432e656a3f3cfde907959"}
,"/home/borja/Proyectos VS/AprenTIC/AprenTIC_FullStack_Web_Sevilla/ejercicio_node/routes/teacher_route.js": {"path":"/home/borja/Proyectos VS/AprenTIC/AprenTIC_FullStack_Web_Sevilla/ejercicio_node/routes/teacher_route.js","statementMap":{"0":{"start":{"line":1,"column":15},"end":{"line":1,"column":42}},"1":{"start":{"line":2,"column":13},"end":{"line":2,"column":57}},"2":{"start":{"line":3,"column":17},"end":{"line":3,"column":51}},"3":{"start":{"line":4,"column":21},"end":{"line":4,"column":59}},"4":{"start":{"line":5,"column":15},"end":{"line":5,"column":44}},"5":{"start":{"line":6,"column":20},"end":{"line":6,"column":57}},"6":{"start":{"line":10,"column":26},"end":{"line":12,"column":1}},"7":{"start":{"line":26,"column":0},"end":{"line":26,"column":34}},"8":{"start":{"line":29,"column":0},"end":{"line":29,"column":67}},"9":{"start":{"line":31,"column":0},"end":{"line":31,"column":24}}},"fnMap":{},"branchMap":{},"s":{"0":1,"1":1,"2":1,"3":1,"4":1,"5":1,"6":1,"7":1,"8":1,"9":1},"f":{},"b":{},"_coverageSchema":"1a1c01bbd47fc00a2c39e90264f33305004495a9","hash":"f49c7848db74e11c99f08ab1cba390cba752802c"}
,"/home/borja/Proyectos VS/AprenTIC/AprenTIC_FullStack_Web_Sevilla/ejercicio_node/services/admin_service.js": {"path":"/home/borja/Proyectos VS/AprenTIC/AprenTIC_FullStack_Web_Sevilla/ejercicio_node/services/admin_service.js","statementMap":{"0":{"start":{"line":1,"column":14},"end":{"line":1,"column":40}},"1":{"start":{"line":3,"column":0},"end":{"line":3,"column":43}},"2":{"start":{"line":3,"column":30},"end":{"line":3,"column":42}}},"fnMap":{"0":{"name":"(anonymous_0)","decl":{"start":{"line":3,"column":24},"end":{"line":3,"column":25}},"loc":{"start":{"line":3,"column":30},"end":{"line":3,"column":42}},"line":3}},"branchMap":{},"s":{"0":1,"1":1,"2":0},"f":{"0":0},"b":{},"_coverageSchema":"1a1c01bbd47fc00a2c39e90264f33305004495a9","hash":"66e397d188da961d8a5e4f9b042100bf91985731"}
,"/home/borja/Proyectos VS/AprenTIC/AprenTIC_FullStack_Web_Sevilla/ejercicio_node/services/auth_service.js": {"path":"/home/borja/Proyectos VS/AprenTIC/AprenTIC_FullStack_Web_Sevilla/ejercicio_node/services/auth_service.js","statementMap":{"0":{"start":{"line":1,"column":13},"end":{"line":1,"column":38}},"1":{"start":{"line":3,"column":0},"end":{"line":3,"column":58}},"2":{"start":{"line":3,"column":36},"end":{"line":3,"column":57}},"3":{"start":{"line":4,"column":0},"end":{"line":4,"column":44}},"4":{"start":{"line":4,"column":26},"end":{"line":4,"column":43}}},"fnMap":{"0":{"name":"(anonymous_0)","decl":{"start":{"line":3,"column":25},"end":{"line":3,"column":26}},"loc":{"start":{"line":3,"column":36},"end":{"line":3,"column":57}},"line":3},"1":{"name":"(anonymous_1)","decl":{"start":{"line":4,"column":16},"end":{"line":4,"column":17}},"loc":{"start":{"line":4,"column":26},"end":{"line":4,"column":43}},"line":4}},"branchMap":{},"s":{"0":1,"1":1,"2":1,"3":1,"4":1},"f":{"0":1,"1":1},"b":{},"_coverageSchema":"1a1c01bbd47fc00a2c39e90264f33305004495a9","hash":"1b814e42e306a9e65715191712cb1320d538dae8"}
,"/home/borja/Proyectos VS/AprenTIC/AprenTIC_FullStack_Web_Sevilla/ejercicio_node/services/teacher_service.js": {"path":"/home/borja/Proyectos VS/AprenTIC/AprenTIC_FullStack_Web_Sevilla/ejercicio_node/services/teacher_service.js","statementMap":{"0":{"start":{"line":1,"column":16},"end":{"line":1,"column":44}},"1":{"start":{"line":3,"column":0},"end":{"line":3,"column":47}},"2":{"start":{"line":3,"column":32},"end":{"line":3,"column":46}},"3":{"start":{"line":4,"column":0},"end":{"line":4,"column":48}},"4":{"start":{"line":4,"column":27},"end":{"line":4,"column":47}}},"fnMap":{"0":{"name":"(anonymous_0)","decl":{"start":{"line":3,"column":26},"end":{"line":3,"column":27}},"loc":{"start":{"line":3,"column":32},"end":{"line":3,"column":46}},"line":3},"1":{"name":"(anonymous_1)","decl":{"start":{"line":4,"column":17},"end":{"line":4,"column":18}},"loc":{"start":{"line":4,"column":27},"end":{"line":4,"column":47}},"line":4}},"branchMap":{},"s":{"0":2,"1":2,"2":1,"3":2,"4":1},"f":{"0":1,"1":1},"b":{},"_coverageSchema":"1a1c01bbd47fc00a2c39e90264f33305004495a9","hash":"000b84cf48e02e88236aaa5fbf4bc48ad563a728"}
}
